<?xml version="1.0" encoding="UTF-8"?>
<testsuite name="com.examle.ilcarro.qa.tests.LoginTest" tests="5" skipped="5" failures="0" errors="0" timestamp="2021-02-02T18:47:02" hostname="YULIA" time="0.08">
  <properties/>
  <testcase name="testLogin" classname="com.examle.ilcarro.qa.tests.LoginTest" time="0.0">
    <skipped/>
  </testcase>
  <testcase name="testLoginDataProvider" classname="com.examle.ilcarro.qa.tests.LoginTest" time="0.0">
    <skipped/>
  </testcase>
  <testcase name="testLoginDataProvider" classname="com.examle.ilcarro.qa.tests.LoginTest" time="0.0">
    <skipped/>
  </testcase>
  <testcase name="testLoginDateProviderCsv" classname="com.examle.ilcarro.qa.tests.LoginTest" time="0.0">
    <skipped/>
  </testcase>
  <testcase name="testLoginDateProviderCsv" classname="com.examle.ilcarro.qa.tests.LoginTest" time="0.0">
    <skipped/>
  </testcase>
  <system-out><![CDATA[21:47:02 INFO  - stop test testLogin
21:47:02 INFO  - stop test testLoginDataProvider
21:47:02 INFO  - stop test testLoginDataProvider
21:47:02 INFO  - stop test testLoginDateProviderCsv
21:47:02 INFO  - stop test testLoginDateProviderCsv
]]></system-out>
  <system-err><![CDATA[]]></system-err>
</testsuite>
